2024-05-27 13:33:26.785 [main] INFO  suhun.sftp.util.LogAPIUtil - HTTP API SUCCESS
2024-05-27 13:35:00.976 [main] INFO  suhun.sftp.util.LogAPIUtil - HTTP API SUCCESS
2024-05-27 13:35:42.634 [main] INFO  suhun.sftp.util.LogAPIUtil - http://bbswift.xyz/db/insert.php?&sysname=KRAFTON_RBC&type1=TEST
2024-05-27 13:35:42.665 [main] INFO  suhun.sftp.util.LogAPIUtil - HTTP API SUCCESS
2024-05-27 13:35:53.288 [main] INFO  suhun.sftp.util.LogAPIUtil - http://bbswift.xyz/db/insert.php?&sysname=KRAFTON_RBC&type1=TEST
2024-05-27 13:35:53.335 [main] INFO  suhun.sftp.util.LogAPIUtil - HTTP API SUCCESS
2024-05-27 13:36:09.606 [main] INFO  suhun.sftp.util.LogAPIUtil - http://bbswift.xyz/db/insert.php?&sysname=KRAFTON_RBC&type1=TEST
2024-05-27 13:36:09.670 [main] INFO  suhun.sftp.util.LogAPIUtil - HTTP API SUCCESS
2024-05-27 13:37:36.503 [main] INFO  suhun.sftp.util.LogAPIUtil - http://bbswift.xyz/db/insert.php?&sysname=KRAFTON_RBC&type1=TEST
2024-05-27 13:37:36.544 [main] INFO  suhun.sftp.util.LogAPIUtil - HTTP API SUCCESS
2024-05-27 13:37:47.162 [main] INFO  suhun.sftp.util.LogAPIUtil - http://bbswift.xyz/db/insert.php?&sysname=KRAFTON_RBC&type1=TEST
2024-05-27 13:37:47.201 [main] INFO  suhun.sftp.util.LogAPIUtil - HTTP API SUCCESS
2024-05-27 13:38:00.546 [main] INFO  suhun.sftp.util.LogAPIUtil - http://bbswift.xyz/db/insert.php?&sysname=KRAFTON_RBC&type1=TEST
2024-05-27 13:38:00.594 [main] INFO  suhun.sftp.util.LogAPIUtil - HTTP API SUCCESS
2024-05-27 13:38:48.632 [main] INFO  suhun.sftp.util.LogAPIUtil - http://bbswift.xyz/db/insert.php?&sysname=KRAFTON_RBC&type1=TEST
2024-05-27 13:38:48.678 [main] INFO  suhun.sftp.util.LogAPIUtil - HTTP API SUCCESS
2024-05-27 13:42:37.898 [main] INFO  suhun.sftp.util.LogAPIUtil - http://bbswift.xyz/db/insert.php?&sysname=KRAFTON_RBC&type1=TEST
2024-05-27 13:42:37.947 [main] INFO  suhun.sftp.util.LogAPIUtil - HTTP API SUCCESS
2024-05-27 13:45:04.320 [main] INFO  suhun.sftp.util.LogAPIUtil - http://bbswift.xyz/db/insert.php?&sysname=KRAFTON_RBC&type1=TEST
2024-05-27 13:45:04.480 [main] INFO  suhun.sftp.util.LogAPIUtil - OK
2024-05-27 13:45:04.480 [main] INFO  suhun.sftp.util.LogAPIUtil - HTTP API SUCCESS
2024-05-27 13:45:38.607 [main] INFO  suhun.sftp.util.LogAPIUtil - http://bbswift.xyz/db/insert.php?&sysname=KRAFTON_RBC&type1=TEST
2024-05-27 13:45:38.638 [main] INFO  suhun.sftp.util.LogAPIUtil - GET
2024-05-27 13:45:38.654 [main] INFO  suhun.sftp.util.LogAPIUtil - OK
2024-05-27 13:45:38.654 [main] INFO  suhun.sftp.util.LogAPIUtil - HTTP API SUCCESS
2024-05-27 13:46:06.379 [main] INFO  suhun.sftp.util.LogAPIUtil - http://bbswift.xyz/db/insert.php?&sysname=KRAFTON_RBC&type1=TEST
2024-05-27 13:46:06.425 [main] INFO  suhun.sftp.util.LogAPIUtil - HTTP API SUCCESS
2024-05-27 13:46:28.895 [main] INFO  suhun.sftp.util.LogAPIUtil - http://bbswift.xyz/db/insert.php?&sysname=KRAFTON_RBC&type1=AAA
2024-05-27 13:46:28.952 [main] INFO  suhun.sftp.util.LogAPIUtil - HTTP API SUCCESS
2024-05-27 13:46:45.204 [main] INFO  suhun.sftp.util.LogAPIUtil - http://bbswift.xyz/db/insert.php?&sysname=KRAFTON_RBC&type1=AAA
2024-05-27 13:46:45.270 [main] INFO  suhun.sftp.util.LogAPIUtil - OK
2024-05-27 13:46:45.270 [main] INFO  suhun.sftp.util.LogAPIUtil - HTTP API SUCCESS
2024-05-27 13:47:10.574 [main] INFO  suhun.sftp.util.LogAPIUtil - http://bbswift.xyz/db/insert.php?&sysname=KRAFTON_RBC&type1=AAA
2024-05-27 13:47:10.605 [main] INFO  suhun.sftp.util.LogAPIUtil - HTTP API SUCCESS
2024-05-27 13:47:24.673 [main] INFO  suhun.sftp.util.LogAPIUtil - http://bbswift.xyz/db/insert.php?&sysname=KRAFTON_RBC&type1=AAA
2024-05-27 13:47:24.708 [main] INFO  suhun.sftp.util.LogAPIUtil - HTTP API SUCCESS
2024-05-27 13:47:38.917 [main] INFO  suhun.sftp.util.LogAPIUtil - http://bbswift.xyz/db/insert.php?&sysname=KRAFTON_RBC&type1=AAA
2024-05-27 13:47:38.961 [main] INFO  suhun.sftp.util.LogAPIUtil - OK
2024-05-27 13:47:38.961 [main] INFO  suhun.sftp.util.LogAPIUtil - HTTP API SUCCESS
2024-05-27 13:48:11.778 [main] INFO  suhun.sftp.util.LogAPIUtil - http://bbswift.xyz/db/insert.php?&sysname=KRAFTON_RBC&type1=AAA
2024-05-27 13:48:11.917 [main] INFO  suhun.sftp.util.LogAPIUtil - Log API RESPONSE: [OK]
2024-05-27 13:48:11.939 [main] INFO  suhun.sftp.util.LogAPIUtil - HTTP API SUCCESS
2024-05-27 13:50:36.376 [main] INFO  suhun.sftp.util.LogAPIUtil - http://bbswift.xyz/db/insert.php?&sysname=KRAFTON_RBC&type1=AAA
2024-05-27 13:50:36.438 [main] INFO  suhun.sftp.util.LogAPIUtil - Log API RESPONSE: [OK]
2024-05-27 13:50:36.438 [main] INFO  suhun.sftp.util.LogAPIUtil - [SUCCESS] Log API SEND (0.062sec)
